
8/11/2016, 6:31:42 PM

Operating System
  Name                        = Mac OS X
  Version                     = 10.11.6
  Architecture                = 64bit
  # CPUs                      = 4
  Memory                      = 8589934592

Node.js
  Node.js Version             = 4.2.2
  npm Version                 = 2.14.7

Titanium CLI
  CLI Version                 = 5.0.8

Titanium SDK
  SDK Version                 = 5.3.1.GA
  SDK Path                    = /Users/jezrel_mx/Library/Application Support/Titanium/mobilesdk/osx/5.3.1.GA
  Target Platform             = android

Command
  /usr/local/bin/node /Users/jezrel_mx/.appcelerator/install/5.3.1/package/node_modules/titanium/lib/titanium.js build run --platform android --log-level trace --sdk 5.3.1.GA --project-dir /Users/jezrel_mx/Documents/Appcelerator_Workspace_DIM/Hola Ti --target device --android-sdk /Applications/android-sdk-macosx --device-id TA98906SEA --skip-js-minify --no-colors --no-progress-bars --no-prompt --prompt-type socket-bundle --prompt-port 49498 --config-file /var/folders/r5/pj8_d8zj7vd4g39_nw7nssb00000gn/T/build-1470958288107.json --no-banner --project-dir /Users/jezrel_mx/Documents/Appcelerator_Workspace_DIM/Hola Ti

[DEBUG]  Detecting modules in /Users/jezrel_mx/Library/Application Support/Titanium/modules
[DEBUG]  Detected android module: com.appcelerator.apm 1.1.1 @ /Users/jezrel_mx/Library/Application Support/Titanium/modules/android/com.appcelerator.apm/1.1.1
[DEBUG]  Detected android module: facebook 3.0.2 @ /Users/jezrel_mx/Library/Application Support/Titanium/modules/android/facebook/3.0.2
[DEBUG]  Detected android module: facebook 3.0.3 @ /Users/jezrel_mx/Library/Application Support/Titanium/modules/android/facebook/3.0.3
[DEBUG]  Detected android module: facebook 4.0.1 @ /Users/jezrel_mx/Library/Application Support/Titanium/modules/android/facebook/4.0.1
[DEBUG]  Detected android module: facebook 4.0.2 @ /Users/jezrel_mx/Library/Application Support/Titanium/modules/android/facebook/4.0.2
[DEBUG]  Detected android module: facebook 4.0.5 @ /Users/jezrel_mx/Library/Application Support/Titanium/modules/android/facebook/4.0.5
[DEBUG]  Detected android module: facebook 5.0.0 @ /Users/jezrel_mx/Library/Application Support/Titanium/modules/android/facebook/5.0.0
[DEBUG]  Detected android module: ti.cloudpush 3.2.1 @ /Users/jezrel_mx/Library/Application Support/Titanium/modules/android/ti.cloudpush/3.2.1
[DEBUG]  Detected android module: ti.cloudpush 3.3.0 @ /Users/jezrel_mx/Library/Application Support/Titanium/modules/android/ti.cloudpush/3.3.0
[DEBUG]  Detected android module: ti.cloudpush 3.3.4 @ /Users/jezrel_mx/Library/Application Support/Titanium/modules/android/ti.cloudpush/3.3.4
[DEBUG]  Detected android module: ti.cloudpush 3.3.7 @ /Users/jezrel_mx/Library/Application Support/Titanium/modules/android/ti.cloudpush/3.3.7
[DEBUG]  Detected android module: ti.cloudpush 3.3.8 @ /Users/jezrel_mx/Library/Application Support/Titanium/modules/android/ti.cloudpush/3.3.8
[DEBUG]  Detected android module: ti.cloudpush 3.4.0 @ /Users/jezrel_mx/Library/Application Support/Titanium/modules/android/ti.cloudpush/3.4.0
[DEBUG]  Detected android module: ti.cloudpush 3.4.1 @ /Users/jezrel_mx/Library/Application Support/Titanium/modules/android/ti.cloudpush/3.4.1
[DEBUG]  Detected android module: ti.map 2.1.4 @ /Users/jezrel_mx/Library/Application Support/Titanium/modules/android/ti.map/2.1.4
[DEBUG]  Detected android module: ti.map 2.2.2 @ /Users/jezrel_mx/Library/Application Support/Titanium/modules/android/ti.map/2.2.2
[DEBUG]  Detected android module: ti.map 2.2.3 @ /Users/jezrel_mx/Library/Application Support/Titanium/modules/android/ti.map/2.2.3
[DEBUG]  Detected android module: ti.map 2.3.0 @ /Users/jezrel_mx/Library/Application Support/Titanium/modules/android/ti.map/2.3.0
[DEBUG]  Detected android module: ti.map 2.3.3 @ /Users/jezrel_mx/Library/Application Support/Titanium/modules/android/ti.map/2.3.3
[DEBUG]  Detected android module: ti.map 2.3.4 @ /Users/jezrel_mx/Library/Application Support/Titanium/modules/android/ti.map/2.3.4
[DEBUG]  Detected android module: ti.map 2.3.6 @ /Users/jezrel_mx/Library/Application Support/Titanium/modules/android/ti.map/2.3.6
[DEBUG]  Detected commonjs module: ti.cloud 3.2.10 @ /Users/jezrel_mx/Library/Application Support/Titanium/modules/commonjs/ti.cloud/3.2.10
[DEBUG]  Detected commonjs module: ti.cloud 3.2.2 @ /Users/jezrel_mx/Library/Application Support/Titanium/modules/commonjs/ti.cloud/3.2.2
[DEBUG]  Detected commonjs module: ti.cloud 3.2.3 @ /Users/jezrel_mx/Library/Application Support/Titanium/modules/commonjs/ti.cloud/3.2.3
[DEBUG]  Detected commonjs module: ti.cloud 3.2.5 @ /Users/jezrel_mx/Library/Application Support/Titanium/modules/commonjs/ti.cloud/3.2.5
[DEBUG]  Detected commonjs module: ti.cloud 3.2.7 @ /Users/jezrel_mx/Library/Application Support/Titanium/modules/commonjs/ti.cloud/3.2.7
[DEBUG]  Detected commonjs module: ti.cloud 3.2.8 @ /Users/jezrel_mx/Library/Application Support/Titanium/modules/commonjs/ti.cloud/3.2.8
[DEBUG]  Detected commonjs module: ti.cloud 3.2.9 @ /Users/jezrel_mx/Library/Application Support/Titanium/modules/commonjs/ti.cloud/3.2.9
[DEBUG]  Detected iphone module: com.appcelerator.apm 1.1.1 @ /Users/jezrel_mx/Library/Application Support/Titanium/modules/iphone/com.appcelerator.apm/1.1.1
[DEBUG]  Detected iphone module: com.appcelerator.urlSession 1.0.0 @ /Users/jezrel_mx/Library/Application Support/Titanium/modules/iphone/com.appcelerator.urlSession/1.0.0
[DEBUG]  Detected iphone module: com.appcelerator.urlSession 1.0.1 @ /Users/jezrel_mx/Library/Application Support/Titanium/modules/iphone/com.appcelerator.urlSession/1.0.1
[DEBUG]  Detected iphone module: com.appcelerator.urlSession 1.1.0 @ /Users/jezrel_mx/Library/Application Support/Titanium/modules/iphone/com.appcelerator.urlSession/1.1.0
[DEBUG]  Detected iphone module: com.appcelerator.urlSession 1.1.1 @ /Users/jezrel_mx/Library/Application Support/Titanium/modules/iphone/com.appcelerator.urlSession/1.1.1
[DEBUG]  Detected iphone module: com.appcelerator.urlSession 2.0.0 @ /Users/jezrel_mx/Library/Application Support/Titanium/modules/iphone/com.appcelerator.urlSession/2.0.0
[DEBUG]  Detected iphone module: facebook 3.1.1 @ /Users/jezrel_mx/Library/Application Support/Titanium/modules/iphone/facebook/3.1.1
[DEBUG]  Detected iphone module: facebook 3.2.0 @ /Users/jezrel_mx/Library/Application Support/Titanium/modules/iphone/facebook/3.2.0
[DEBUG]  Detected iphone module: facebook 4.0.0 @ /Users/jezrel_mx/Library/Application Support/Titanium/modules/iphone/facebook/4.0.0
[DEBUG]  Detected iphone module: facebook 4.0.5 @ /Users/jezrel_mx/Library/Application Support/Titanium/modules/iphone/facebook/4.0.5
[DEBUG]  Detected iphone module: facebook 5.0.1 @ /Users/jezrel_mx/Library/Application Support/Titanium/modules/iphone/facebook/5.0.1
[DEBUG]  Detected iphone module: ti.coremotion 1.0.1 @ /Users/jezrel_mx/Library/Application Support/Titanium/modules/iphone/ti.coremotion/1.0.1
[DEBUG]  Detected iphone module: ti.coremotion 1.1.0 @ /Users/jezrel_mx/Library/Application Support/Titanium/modules/iphone/ti.coremotion/1.1.0
[DEBUG]  Detected iphone module: ti.coremotion 2.0.0 @ /Users/jezrel_mx/Library/Application Support/Titanium/modules/iphone/ti.coremotion/2.0.0
[DEBUG]  Detected iphone module: ti.map 2.0.2 @ /Users/jezrel_mx/Library/Application Support/Titanium/modules/iphone/ti.map/2.0.2
[DEBUG]  Detected iphone module: ti.map 2.0.4 @ /Users/jezrel_mx/Library/Application Support/Titanium/modules/iphone/ti.map/2.0.4
[DEBUG]  Detected iphone module: ti.map 2.2.0 @ /Users/jezrel_mx/Library/Application Support/Titanium/modules/iphone/ti.map/2.2.0
[DEBUG]  Detected iphone module: ti.map 2.2.1 @ /Users/jezrel_mx/Library/Application Support/Titanium/modules/iphone/ti.map/2.2.1
[DEBUG]  Detected iphone module: ti.map 2.2.2 @ /Users/jezrel_mx/Library/Application Support/Titanium/modules/iphone/ti.map/2.2.2
[DEBUG]  Detected iphone module: ti.map 2.4.1 @ /Users/jezrel_mx/Library/Application Support/Titanium/modules/iphone/ti.map/2.4.1
[DEBUG]  Detected iphone module: ti.map 2.5.2 @ /Users/jezrel_mx/Library/Application Support/Titanium/modules/iphone/ti.map/2.5.2
[DEBUG]  Detected iphone module: ti.safaridialog 1.0.2 @ /Users/jezrel_mx/Library/Application Support/Titanium/modules/iphone/ti.safaridialog/1.0.2
[DEBUG]  Detected iphone module: ti.safaridialog 1.0.3 @ /Users/jezrel_mx/Library/Application Support/Titanium/modules/iphone/ti.safaridialog/1.0.3
[DEBUG]  Detected iphone module: ti.safaridialog 1.0.5 @ /Users/jezrel_mx/Library/Application Support/Titanium/modules/iphone/ti.safaridialog/1.0.5
[DEBUG]  Detected iphone module: ti.touchid 1.0 @ /Users/jezrel_mx/Library/Application Support/Titanium/modules/iphone/ti.touchid/1.0
[DEBUG]  Detected iphone module: ti.touchid 1.1.0 @ /Users/jezrel_mx/Library/Application Support/Titanium/modules/iphone/ti.touchid/1.1.0
[DEBUG]  Detected iphone module: ti.touchid 1.2.0 @ /Users/jezrel_mx/Library/Application Support/Titanium/modules/iphone/ti.touchid/1.2.0
[DEBUG]  Detected tizen module: tizen 3.0.0 @ /Users/jezrel_mx/Library/Application Support/Titanium/modules/tizen/tizen/3.0.0
[DEBUG]  No project level plugins to load
[TRACE]  Snapshotting build directory
[DEBUG]  Titanium SDK Android directory: /Users/jezrel_mx/Library/Application Support/Titanium/mobilesdk/osx/5.3.1.GA/android
[INFO]   Deploy type: test
[INFO]   Building for target: device
[INFO]   Building for device: TA98906SEA
[INFO]   Targeting Android SDK API: 23
[INFO]   Building for the following architectures: armeabi, armeabi-v7a, x86
[INFO]   Signing with keystore: /Users/jezrel_mx/Library/Application Support/Titanium/mobilesdk/osx/5.3.1.GA/android/dev_keystore (tidev)
[DEBUG]  App ID: mx.uam.izt.holati
[DEBUG]  Classname: HolaTi
[INFO]   Debugging disabled
[INFO]   Profiler disabled
[INFO]   Forcing rebuild: JavaScript files need to be re-encrypted
[TRACE]  offline build file /var/folders/r5/pj8_d8zj7vd4g39_nw7nssb00000gn/T/build-3c873eb65732a5a00e9bb5afdc0ab18794416122.json
[TRACE]  online 1
[TRACE]  sending request {"json":{"username":"jezrelmx1304@gmail.com","session":"daabcff7251812763ce0610c1ac79b8f826f97e0 0JWXHj558ae66Dy2YCU3Q3dMitC8QFlUNowcf1HvRh8ygfoUzs3aG6jbtLYHqqCgCS0gB4yMMm0j6/N/gteKh+Bbg7vvn0a8QROoj3hLTKC37JRN+1oCtNYZhp36qaenQ1AI0jGGKQ0E1uEft6Di0G/OeknyTPOWiwUMoAgbIIW6NrmS/kEhRnhv4WSn6g2KhzDA0/3/WH3uYMAW/QFTJwyt46PjQgyg7YkN6BfTJicQkKsKsP+xhVEcDaIkd0Koydj0LsqcXVHC6HYlAKnnyzvzFCdtTpDsLfvMSY2Ma9I/nq2X8w9aSR41KdNyZoakQbFxT1R73jujNBNzzv/05xU7xIk6YYIxnfiNK3dFOaDXlq04UpYiOmAsdtGneJbcqq/Ob40Ulb4UcN25NS9ggxlB232RhyFBud2llZnCqwUchnoMAYT4O5PrC1vrXeSdy+iThfkBJGZjIILnpRe4YUcTW41uLBc/i9NNbwXRpQt2Yj/Pkb8rIMdOUxRcnb96gl37smX7cLm/sfFUXdS7nm3Ziv4Qj079NwLjo4YVgZlpxQU7qmkWfRA/fSfNgYQakHArOA2Ir7/v5UWll5k7eJh2hQoYs/kxh6/lmn2m/AHZxeYuIQ7yy8psRcSO971CBgCL7mkL7qH9zH/u691Pdc/sK9El67aRPxI1b1j/2VGKDvCYCshKcwT03H+Y4oSgrnH6YTDvyjT6qLHG8XfHhuD0NeU/utuia/CKAdQsAy24IzoA74GvXeiq9qXh8UEvMXWoRLlU0vnanc3rY14/BvQZ1EKHmEkLLEL7nAjT57I=","ipaddress":"192.168.0.111","fingerprint":"78a9dc04eb3fa678ef71cecf186c0fc0657c6ea1","fingerprint_description":"Mac OSX Serial Number: C1MMF79BDTY3","guid":"921fe673-b8ca-4bc7-9fff-2691def3e946","appid":"mx.uam.izt.holati","name":"Hola Ti","org_id":100002138,"deploytype":"test","tiappxml":"<?xml version=\"1.0\" encoding=\"UTF-8\"?>\n<ti:app \n  xmlns:ti=\"http://ti.appcelerator.org\">\n  <id>mx.uam.izt.holati</id>\n  <name>Hola Ti</name>\n  <version>1.0</version>\n  <publisher>jezrel_mx</publisher>\n  <url>http://izt.uam.mx</url>\n  <description/>\n  <copyright>2016 by jezrel_mx</copyright>\n  <icon>appicon.png</icon>\n  <fullscreen>false</fullscreen>\n  <navbar-hidden>false</navbar-hidden>\n  <analytics>true</analytics>\n  <guid>921fe673-b8ca-4bc7-9fff-2691def3e946</guid>\n  <property name=\"ti.ui.defaultunit\" type=\"string\">dp</property>\n  <ios>\n    <enable-launch-screen-storyboard>true</enable-launch-screen-storyboard>\n    <plist>\n      <dict>\n        <key>UISupportedInterfaceOrientations~iphone</key>\n        <array>\n          <string>UIInterfaceOrientationPortrait</string>\n        </array>\n        <key>UISupportedInterfaceOrientations~ipad</key>\n        <array>\n          <string>UIInterfaceOrientationPortrait</string>\n          <string>UIInterfaceOrientationPortraitUpsideDown</string>\n          <string>UIInterfaceOrientationLandscapeLeft</string>\n          <string>UIInterfaceOrientationLandscapeRight</string>\n        </array>\n        <key>UIRequiresPersistentWiFi</key>\n        <false/>\n        <key>UIPrerenderedIcon</key>\n        <false/>\n        <key>UIStatusBarHidden</key>\n        <false/>\n        <key>UIStatusBarStyle</key>\n        <string>UIStatusBarStyleDefault</string>\n      </dict>\n    </plist>\n  </ios>\n  <android \n    xmlns:android=\"http://schemas.android.com/apk/res/android\"/>\n    <mobileweb>\n      <precache/>\n      <splash>\n        <enabled>true</enabled>\n        <inline-css-images>true</inline-css-images>\n      </splash>\n      <theme>default</theme>\n    </mobileweb>\n    <modules/>\n    <deployment-targets>\n      <target device=\"android\">true</target>\n      <target device=\"ipad\">true</target>\n      <target device=\"iphone\">true</target>\n      <target device=\"mobileweb\">true</target>\n      <target device=\"windows\">false</target>\n    </deployment-targets>\n    <sdk-version>5.3.1.GA</sdk-version>\n    <property name=\"appc-app-id\" type=\"string\">57aa5c37cf92122029deaeb4</property>\n  </ti:app>","modules":[]},"gzip":true,"followAllRedirects":true,"url":"https://security.appcelerator.com/build-verify"}
[TRACE]  result from /build-verify=> {"key":"b3Uwyx5cUy4CbJpMBu7nSg==","pepper":"fyCqSBa8fPt5lcW0S/Xn/Q==","hmacKey":"GNvdgeE6piynVe+D0ezmNw==","o":100002138,"u":"13b183f1-b0d3-4670-8ddb-b1e8a1bb8c98","p":"starter","i":"57ad0ae0b4860e091f49eb47","success":true}, err=null
[INFO]   JavaScript files need to be encrypted
[DEBUG]  Copying /Users/jezrel_mx/Documents/Appcelerator_Workspace_DIM/Hola Ti/Resources
[WARN]   Overwriting file /Users/jezrel_mx/Documents/Appcelerator_Workspace_DIM/Hola Ti/build/android/bin/assets/Resources/KS_nav_ui.png
[DEBUG]  Symlinking /Users/jezrel_mx/Documents/Appcelerator_Workspace_DIM/Hola Ti/Resources/KS_nav_ui.png => /Users/jezrel_mx/Documents/Appcelerator_Workspace_DIM/Hola Ti/build/android/bin/assets/Resources/KS_nav_ui.png
[WARN]   Overwriting file /Users/jezrel_mx/Documents/Appcelerator_Workspace_DIM/Hola Ti/build/android/bin/assets/Resources/KS_nav_views.png
[DEBUG]  Symlinking /Users/jezrel_mx/Documents/Appcelerator_Workspace_DIM/Hola Ti/Resources/KS_nav_views.png => /Users/jezrel_mx/Documents/Appcelerator_Workspace_DIM/Hola Ti/build/android/bin/assets/Resources/KS_nav_views.png
[DEBUG]  Ignoring /Users/jezrel_mx/Documents/Appcelerator_Workspace_DIM/Hola Ti/Resources/android
[DEBUG]  Ignoring /Users/jezrel_mx/Documents/Appcelerator_Workspace_DIM/Hola Ti/Resources/iphone
[DEBUG]  Ignoring /Users/jezrel_mx/Documents/Appcelerator_Workspace_DIM/Hola Ti/Resources/mobileweb
[DEBUG]  Copying /Users/jezrel_mx/Documents/Appcelerator_Workspace_DIM/Hola Ti/Resources/android
[WARN]   Overwriting file /Users/jezrel_mx/Documents/Appcelerator_Workspace_DIM/Hola Ti/build/android/bin/assets/Resources/appicon.png
[DEBUG]  Symlinking /Users/jezrel_mx/Documents/Appcelerator_Workspace_DIM/Hola Ti/Resources/android/appicon.png => /Users/jezrel_mx/Documents/Appcelerator_Workspace_DIM/Hola Ti/build/android/bin/assets/Resources/appicon.png
[DEBUG]  Symlinking /Users/jezrel_mx/Documents/Appcelerator_Workspace_DIM/Hola Ti/Resources/android/default.png => /Users/jezrel_mx/Documents/Appcelerator_Workspace_DIM/Hola Ti/build/android/res/drawable/background.png
[WARN]   Overwriting file /Users/jezrel_mx/Documents/Appcelerator_Workspace_DIM/Hola Ti/build/android/bin/assets/Resources/fonts/TitilliumWeb-Bold.ttf
[DEBUG]  Symlinking /Users/jezrel_mx/Documents/Appcelerator_Workspace_DIM/Hola Ti/Resources/android/fonts/TitilliumWeb-Bold.ttf => /Users/jezrel_mx/Documents/Appcelerator_Workspace_DIM/Hola Ti/build/android/bin/assets/Resources/fonts/TitilliumWeb-Bold.ttf
[WARN]   Overwriting file /Users/jezrel_mx/Documents/Appcelerator_Workspace_DIM/Hola Ti/build/android/bin/assets/Resources/fonts/TitilliumWeb-Light.ttf
[DEBUG]  Symlinking /Users/jezrel_mx/Documents/Appcelerator_Workspace_DIM/Hola Ti/Resources/android/fonts/TitilliumWeb-Light.ttf => /Users/jezrel_mx/Documents/Appcelerator_Workspace_DIM/Hola Ti/build/android/bin/assets/Resources/fonts/TitilliumWeb-Light.ttf
[WARN]   Overwriting file /Users/jezrel_mx/Documents/Appcelerator_Workspace_DIM/Hola Ti/build/android/bin/assets/Resources/fonts/TitilliumWeb-Regular.ttf
[DEBUG]  Symlinking /Users/jezrel_mx/Documents/Appcelerator_Workspace_DIM/Hola Ti/Resources/android/fonts/TitilliumWeb-Regular.ttf => /Users/jezrel_mx/Documents/Appcelerator_Workspace_DIM/Hola Ti/build/android/bin/assets/Resources/fonts/TitilliumWeb-Regular.ttf
[WARN]   Overwriting file /Users/jezrel_mx/Documents/Appcelerator_Workspace_DIM/Hola Ti/build/android/bin/assets/Resources/fonts/TitilliumWeb-SemiBold.ttf
[DEBUG]  Symlinking /Users/jezrel_mx/Documents/Appcelerator_Workspace_DIM/Hola Ti/Resources/android/fonts/TitilliumWeb-SemiBold.ttf => /Users/jezrel_mx/Documents/Appcelerator_Workspace_DIM/Hola Ti/build/android/bin/assets/Resources/fonts/TitilliumWeb-SemiBold.ttf
[WARN]   Overwriting file /Users/jezrel_mx/Documents/Appcelerator_Workspace_DIM/Hola Ti/build/android/bin/assets/Resources/fonts/TitilliumWeb-Thin.ttf
[DEBUG]  Symlinking /Users/jezrel_mx/Documents/Appcelerator_Workspace_DIM/Hola Ti/Resources/android/fonts/TitilliumWeb-Thin.ttf => /Users/jezrel_mx/Documents/Appcelerator_Workspace_DIM/Hola Ti/build/android/bin/assets/Resources/fonts/TitilliumWeb-Thin.ttf
[DEBUG]  Symlinking /Users/jezrel_mx/Documents/Appcelerator_Workspace_DIM/Hola Ti/Resources/android/images/res-long-land-hdpi/default.png => /Users/jezrel_mx/Documents/Appcelerator_Workspace_DIM/Hola Ti/build/android/res/drawable-long-land-hdpi/background.png
[DEBUG]  Symlinking /Users/jezrel_mx/Documents/Appcelerator_Workspace_DIM/Hola Ti/Resources/android/images/res-long-land-hdpi/fondo_chica.png => /Users/jezrel_mx/Documents/Appcelerator_Workspace_DIM/Hola Ti/build/android/res/drawable-long-land-hdpi/fondo_chica_49af20e390.png
[DEBUG]  Symlinking /Users/jezrel_mx/Documents/Appcelerator_Workspace_DIM/Hola Ti/Resources/android/images/res-long-land-ldpi/default.png => /Users/jezrel_mx/Documents/Appcelerator_Workspace_DIM/Hola Ti/build/android/res/drawable-long-land-ldpi/background.png
[DEBUG]  Symlinking /Users/jezrel_mx/Documents/Appcelerator_Workspace_DIM/Hola Ti/Resources/android/images/res-long-land-ldpi/fondo_chica.png => /Users/jezrel_mx/Documents/Appcelerator_Workspace_DIM/Hola Ti/build/android/res/drawable-long-land-ldpi/fondo_chica_49af20e390.png
[DEBUG]  Symlinking /Users/jezrel_mx/Documents/Appcelerator_Workspace_DIM/Hola Ti/Resources/android/images/res-long-port-hdpi/default.png => /Users/jezrel_mx/Documents/Appcelerator_Workspace_DIM/Hola Ti/build/android/res/drawable-long-port-hdpi/background.png
[DEBUG]  Symlinking /Users/jezrel_mx/Documents/Appcelerator_Workspace_DIM/Hola Ti/Resources/android/images/res-long-port-hdpi/fondo_chica.png => /Users/jezrel_mx/Documents/Appcelerator_Workspace_DIM/Hola Ti/build/android/res/drawable-long-port-hdpi/fondo_chica_49af20e390.png
[DEBUG]  Symlinking /Users/jezrel_mx/Documents/Appcelerator_Workspace_DIM/Hola Ti/Resources/android/images/res-long-port-ldpi/default.png => /Users/jezrel_mx/Documents/Appcelerator_Workspace_DIM/Hola Ti/build/android/res/drawable-long-port-ldpi/background.png
[DEBUG]  Symlinking /Users/jezrel_mx/Documents/Appcelerator_Workspace_DIM/Hola Ti/Resources/android/images/res-long-port-ldpi/fondo_chica.png => /Users/jezrel_mx/Documents/Appcelerator_Workspace_DIM/Hola Ti/build/android/res/drawable-long-port-ldpi/fondo_chica_49af20e390.png
[DEBUG]  Symlinking /Users/jezrel_mx/Documents/Appcelerator_Workspace_DIM/Hola Ti/Resources/android/images/res-notlong-land-hdpi/default.png => /Users/jezrel_mx/Documents/Appcelerator_Workspace_DIM/Hola Ti/build/android/res/drawable-notlong-land-hdpi/background.png
[DEBUG]  Symlinking /Users/jezrel_mx/Documents/Appcelerator_Workspace_DIM/Hola Ti/Resources/android/images/res-notlong-land-hdpi/fondo_chica.png => /Users/jezrel_mx/Documents/Appcelerator_Workspace_DIM/Hola Ti/build/android/res/drawable-notlong-land-hdpi/fondo_chica_49af20e390.png
[DEBUG]  Ignoring /Users/jezrel_mx/Documents/Appcelerator_Workspace_DIM/Hola Ti/Resources/android/images/res-notlong-land-ldpi/.DS_Store
[DEBUG]  Symlinking /Users/jezrel_mx/Documents/Appcelerator_Workspace_DIM/Hola Ti/Resources/android/images/res-notlong-land-ldpi/default.png => /Users/jezrel_mx/Documents/Appcelerator_Workspace_DIM/Hola Ti/build/android/res/drawable-notlong-land-ldpi/background.png
[DEBUG]  Symlinking /Users/jezrel_mx/Documents/Appcelerator_Workspace_DIM/Hola Ti/Resources/android/images/res-notlong-land-ldpi/fondo_chica.png => /Users/jezrel_mx/Documents/Appcelerator_Workspace_DIM/Hola Ti/build/android/res/drawable-notlong-land-ldpi/fondo_chica_49af20e390.png
[DEBUG]  Symlinking /Users/jezrel_mx/Documents/Appcelerator_Workspace_DIM/Hola Ti/Resources/android/images/res-notlong-land-mdpi/default.png => /Users/jezrel_mx/Documents/Appcelerator_Workspace_DIM/Hola Ti/build/android/res/drawable-notlong-land-mdpi/background.png
[DEBUG]  Symlinking /Users/jezrel_mx/Documents/Appcelerator_Workspace_DIM/Hola Ti/Resources/android/images/res-notlong-land-mdpi/fondo_chica.png => /Users/jezrel_mx/Documents/Appcelerator_Workspace_DIM/Hola Ti/build/android/res/drawable-notlong-land-mdpi/fondo_chica_49af20e390.png
[DEBUG]  Symlinking /Users/jezrel_mx/Documents/Appcelerator_Workspace_DIM/Hola Ti/Resources/android/images/res-notlong-port-hdpi/default.png => /Users/jezrel_mx/Documents/Appcelerator_Workspace_DIM/Hola Ti/build/android/res/drawable-notlong-port-hdpi/background.png
[DEBUG]  Symlinking /Users/jezrel_mx/Documents/Appcelerator_Workspace_DIM/Hola Ti/Resources/android/images/res-notlong-port-hdpi/fondo_chica.png => /Users/jezrel_mx/Documents/Appcelerator_Workspace_DIM/Hola Ti/build/android/res/drawable-notlong-port-hdpi/fondo_chica_49af20e390.png
[DEBUG]  Symlinking /Users/jezrel_mx/Documents/Appcelerator_Workspace_DIM/Hola Ti/Resources/android/images/res-notlong-port-ldpi/default.png => /Users/jezrel_mx/Documents/Appcelerator_Workspace_DIM/Hola Ti/build/android/res/drawable-notlong-port-ldpi/background.png
[DEBUG]  Symlinking /Users/jezrel_mx/Documents/Appcelerator_Workspace_DIM/Hola Ti/Resources/android/images/res-notlong-port-ldpi/fondo_chica.png => /Users/jezrel_mx/Documents/Appcelerator_Workspace_DIM/Hola Ti/build/android/res/drawable-notlong-port-ldpi/fondo_chica_49af20e390.png
[DEBUG]  Symlinking /Users/jezrel_mx/Documents/Appcelerator_Workspace_DIM/Hola Ti/Resources/android/images/res-notlong-port-mdpi/default.png => /Users/jezrel_mx/Documents/Appcelerator_Workspace_DIM/Hola Ti/build/android/res/drawable-notlong-port-mdpi/background.png
[DEBUG]  Symlinking /Users/jezrel_mx/Documents/Appcelerator_Workspace_DIM/Hola Ti/Resources/android/images/res-notlong-port-mdpi/fondo_chica.png => /Users/jezrel_mx/Documents/Appcelerator_Workspace_DIM/Hola Ti/build/android/res/drawable-notlong-port-mdpi/fondo_chica_49af20e390.png
[DEBUG]  Symlinking /Users/jezrel_mx/Documents/Appcelerator_Workspace_DIM/Hola Ti/platform/android/res/values/mytheme.xml => /Users/jezrel_mx/Documents/Appcelerator_Workspace_DIM/Hola Ti/build/android/res/values/mytheme.xml
[DEBUG]  Symlinking /Users/jezrel_mx/Documents/Appcelerator_Workspace_DIM/Hola Ti/build/android/bin/assets/Resources/appicon.png => /Users/jezrel_mx/Documents/Appcelerator_Workspace_DIM/Hola Ti/build/android/res/drawable/appicon.png
[INFO]   Processing JavaScript files
[DEBUG]  Symlinking /Users/jezrel_mx/Documents/Appcelerator_Workspace_DIM/Hola Ti/Resources/app.js => /Users/jezrel_mx/Documents/Appcelerator_Workspace_DIM/Hola Ti/build/android/assets/app.js
[INFO]   Encrypting JavaScript files: /Users/jezrel_mx/Library/Application Support/Titanium/mobilesdk/osx/5.3.1.GA/android/titanium_prep.macos "mx.uam.izt.holati" "/Users/jezrel_mx/Documents/Appcelerator_Workspace_DIM/Hola Ti/build/android/assets" "app.js" "_app_props_.json"
[DEBUG]  Adding library /Users/jezrel_mx/Library/Application Support/Titanium/mobilesdk/osx/5.3.1.GA/android/kroll-v8.jar
[DEBUG]  Adding library /Users/jezrel_mx/Library/Application Support/Titanium/mobilesdk/osx/5.3.1.GA/android/modules/titanium-analytics.jar
[DEBUG]  Adding dependency library /Users/jezrel_mx/Library/Application Support/Titanium/mobilesdk/osx/5.3.1.GA/android/aps-analytics.jar
[DEBUG]  Adding library /Users/jezrel_mx/Library/Application Support/Titanium/mobilesdk/osx/5.3.1.GA/android/modules/titanium-android.jar
[DEBUG]  Adding dependency library /Users/jezrel_mx/Library/Application Support/Titanium/mobilesdk/osx/5.3.1.GA/android/jaxen-1.1.1.jar
[DEBUG]  Adding dependency library /Users/jezrel_mx/Library/Application Support/Titanium/mobilesdk/osx/5.3.1.GA/android/ti-commons-codec-1.3.jar
[DEBUG]  Adding dependency library /Users/jezrel_mx/Library/Application Support/Titanium/mobilesdk/osx/5.3.1.GA/android/kroll-common.jar
[DEBUG]  Adding dependency library /Users/jezrel_mx/Library/Application Support/Titanium/mobilesdk/osx/5.3.1.GA/android/titanium.jar
[DEBUG]  Adding library /Users/jezrel_mx/Library/Application Support/Titanium/mobilesdk/osx/5.3.1.GA/android/modules/titanium-app.jar
[DEBUG]  Adding library /Users/jezrel_mx/Library/Application Support/Titanium/mobilesdk/osx/5.3.1.GA/android/modules/titanium-ui.jar
[DEBUG]  Adding dependency library /Users/jezrel_mx/Library/Application Support/Titanium/mobilesdk/osx/5.3.1.GA/android/nineoldandroids-appc-2.4.0.jar
[DEBUG]  Adding library /Users/jezrel_mx/Library/Application Support/Titanium/mobilesdk/osx/5.3.1.GA/android/modules/titanium-filesystem.jar
[DEBUG]  Adding library /Users/jezrel_mx/Library/Application Support/Titanium/mobilesdk/osx/5.3.1.GA/android/modules/titanium-media.jar
[DEBUG]  Adding library /Users/jezrel_mx/Library/Application Support/Titanium/mobilesdk/osx/5.3.1.GA/android/modules/titanium-appcompat.jar
[DEBUG]  Adding dependency library /Users/jezrel_mx/Library/Application Support/Titanium/mobilesdk/osx/5.3.1.GA/android/android-support-v4.jar
[DEBUG]  Adding dependency library /Users/jezrel_mx/Library/Application Support/Titanium/mobilesdk/osx/5.3.1.GA/android/android-support-v7-appcompat.jar
[DEBUG]  Adding library /Users/jezrel_mx/Library/Application Support/Titanium/mobilesdk/osx/5.3.1.GA/android/modules/titanium-cardview.jar
[DEBUG]  Adding dependency library /Users/jezrel_mx/Library/Application Support/Titanium/mobilesdk/osx/5.3.1.GA/android/cardview-v7-23.0.1.jar
[DEBUG]  Adding library /Users/jezrel_mx/Library/Application Support/Titanium/mobilesdk/osx/5.3.1.GA/android/modules/titanium-locale.jar
[DEBUG]  Adding library /Users/jezrel_mx/Library/Application Support/Titanium/mobilesdk/osx/5.3.1.GA/android/modules/titanium-network.jar
[DEBUG]  Adding library /Users/jezrel_mx/Library/Application Support/Titanium/mobilesdk/osx/5.3.1.GA/android/modules/titanium-xml.jar
[DEBUG]  Adding library /Users/jezrel_mx/Library/Application Support/Titanium/mobilesdk/osx/5.3.1.GA/android/modules/titanium-platform.jar
[INFO]   Writing /Users/jezrel_mx/Documents/Appcelerator_Workspace_DIM/Hola Ti/build/android/bin/assets/app.json
[INFO]   Extracting module resources: /Users/jezrel_mx/Library/Application Support/Titanium/mobilesdk/osx/5.3.1.GA/android/modules/titanium-analytics.res.zip
[DEBUG]  Copying /var/folders/r5/pj8_d8zj7vd4g39_nw7nssb00000gn/T/116711-94329-186nqxm/res/values/strings.xml => /Users/jezrel_mx/Documents/Appcelerator_Workspace_DIM/Hola Ti/build/android/res/values/strings.xml
[INFO]   Extracting module resources: /Users/jezrel_mx/Library/Application Support/Titanium/mobilesdk/osx/5.3.1.GA/android/modules/titanium-android.res.zip
[DEBUG]  Merging /var/folders/r5/pj8_d8zj7vd4g39_nw7nssb00000gn/T/116711-94329-w98g13/res/values/strings.xml => /Users/jezrel_mx/Documents/Appcelerator_Workspace_DIM/Hola Ti/build/android/res/values/strings.xml
[INFO]   Extracting module resources: /Users/jezrel_mx/Library/Application Support/Titanium/mobilesdk/osx/5.3.1.GA/android/modules/titanium-app.res.zip
[DEBUG]  Merging /var/folders/r5/pj8_d8zj7vd4g39_nw7nssb00000gn/T/116711-94329-1rqtv4w/res/values/strings.xml => /Users/jezrel_mx/Documents/Appcelerator_Workspace_DIM/Hola Ti/build/android/res/values/strings.xml
[INFO]   Extracting module resources: /Users/jezrel_mx/Library/Application Support/Titanium/mobilesdk/osx/5.3.1.GA/android/modules/titanium-filesystem.res.zip
[DEBUG]  Merging /var/folders/r5/pj8_d8zj7vd4g39_nw7nssb00000gn/T/116711-94329-10yfom7/res/values/strings.xml => /Users/jezrel_mx/Documents/Appcelerator_Workspace_DIM/Hola Ti/build/android/res/values/strings.xml
[INFO]   Extracting module resources: /Users/jezrel_mx/Library/Application Support/Titanium/mobilesdk/osx/5.3.1.GA/android/modules/titanium-media.res.zip
[DEBUG]  Merging /var/folders/r5/pj8_d8zj7vd4g39_nw7nssb00000gn/T/116711-94329-1q82jg2/res/values/strings.xml => /Users/jezrel_mx/Documents/Appcelerator_Workspace_DIM/Hola Ti/build/android/res/values/strings.xml
[INFO]   Extracting module resources: /Users/jezrel_mx/Library/Application Support/Titanium/mobilesdk/osx/5.3.1.GA/android/modules/titanium-locale.res.zip
[DEBUG]  Merging /var/folders/r5/pj8_d8zj7vd4g39_nw7nssb00000gn/T/116711-94329-134fi1b/res/values/strings.xml => /Users/jezrel_mx/Documents/Appcelerator_Workspace_DIM/Hola Ti/build/android/res/values/strings.xml
[INFO]   Extracting module resources: /Users/jezrel_mx/Library/Application Support/Titanium/mobilesdk/osx/5.3.1.GA/android/modules/titanium-network.res.zip
[DEBUG]  Merging /var/folders/r5/pj8_d8zj7vd4g39_nw7nssb00000gn/T/116711-94329-1mqkx9d/res/values/strings.xml => /Users/jezrel_mx/Documents/Appcelerator_Workspace_DIM/Hola Ti/build/android/res/values/strings.xml
[INFO]   Extracting module resources: /Users/jezrel_mx/Library/Application Support/Titanium/mobilesdk/osx/5.3.1.GA/android/modules/titanium-xml.res.zip
[DEBUG]  Merging /var/folders/r5/pj8_d8zj7vd4g39_nw7nssb00000gn/T/116711-94329-1juhp69/res/values/strings.xml => /Users/jezrel_mx/Documents/Appcelerator_Workspace_DIM/Hola Ti/build/android/res/values/strings.xml
[INFO]   Extracting module resources: /Users/jezrel_mx/Library/Application Support/Titanium/mobilesdk/osx/5.3.1.GA/android/modules/titanium-platform.res.zip
[DEBUG]  Merging /var/folders/r5/pj8_d8zj7vd4g39_nw7nssb00000gn/T/116711-94329-1okqkch/res/values/strings.xml => /Users/jezrel_mx/Documents/Appcelerator_Workspace_DIM/Hola Ti/build/android/res/values/strings.xml
[DEBUG]  Removing old file: /Users/jezrel_mx/Documents/Appcelerator_Workspace_DIM/Hola Ti/build/android/.classpath
[DEBUG]  Removing old file: /Users/jezrel_mx/Documents/Appcelerator_Workspace_DIM/Hola Ti/build/android/.gitignore
[DEBUG]  Removing old file: /Users/jezrel_mx/Documents/Appcelerator_Workspace_DIM/Hola Ti/build/android/.project
[DEBUG]  Removing old file: /Users/jezrel_mx/Documents/Appcelerator_Workspace_DIM/Hola Ti/build/android/AndroidManifest.xml
[DEBUG]  Removing old file: /Users/jezrel_mx/Documents/Appcelerator_Workspace_DIM/Hola Ti/build/android/default.properties
[DEBUG]  Removing old file: /Users/jezrel_mx/Documents/Appcelerator_Workspace_DIM/Hola Ti/build/android/java-sources.txt
[DEBUG]  Copying template /Users/jezrel_mx/Library/Application Support/Titanium/mobilesdk/osx/5.3.1.GA/android/templates/build/AppInfo.java => /Users/jezrel_mx/Documents/Appcelerator_Workspace_DIM/Hola Ti/build/android/gen/mx/uam/izt/holati/HolaTiAppInfo.java
[DEBUG]  Copying template /Users/jezrel_mx/Library/Application Support/Titanium/mobilesdk/osx/5.3.1.GA/android/templates/build/App.java => /Users/jezrel_mx/Documents/Appcelerator_Workspace_DIM/Hola Ti/build/android/gen/mx/uam/izt/holati/HolaTiApplication.java
[DEBUG]  Copying template /Users/jezrel_mx/Library/Application Support/Titanium/mobilesdk/osx/5.3.1.GA/android/templates/build/Activity.java => /Users/jezrel_mx/Documents/Appcelerator_Workspace_DIM/Hola Ti/build/android/gen/mx/uam/izt/holati/HolaTiActivity.java
[DEBUG]  Copying template /Users/jezrel_mx/Library/Application Support/Titanium/mobilesdk/osx/5.3.1.GA/android/templates/build/project => /Users/jezrel_mx/Documents/Appcelerator_Workspace_DIM/Hola Ti/build/android/.project
[DEBUG]  Copying template /Users/jezrel_mx/Library/Application Support/Titanium/mobilesdk/osx/5.3.1.GA/android/templates/build/default.properties => /Users/jezrel_mx/Documents/Appcelerator_Workspace_DIM/Hola Ti/build/android/default.properties
[DEBUG]  Copying /Users/jezrel_mx/Library/Application Support/Titanium/mobilesdk/osx/5.3.1.GA/android/templates/build/gitignore => /Users/jezrel_mx/Documents/Appcelerator_Workspace_DIM/Hola Ti/build/android/.gitignore
[DEBUG]  Copying /Users/jezrel_mx/Library/Application Support/Titanium/mobilesdk/osx/5.3.1.GA/android/templates/build/classpath => /Users/jezrel_mx/Documents/Appcelerator_Workspace_DIM/Hola Ti/build/android/.classpath
[INFO]   No aidl files to compile, continuing
[INFO]   Generating i18n files
[DEBUG]  Merging en strings => /Users/jezrel_mx/Documents/Appcelerator_Workspace_DIM/Hola Ti/build/android/res/values/strings.xml
[INFO]   Generating /Users/jezrel_mx/Documents/Appcelerator_Workspace_DIM/Hola Ti/build/android/res/values/theme.xml
[INFO]   Packaging application: /Applications/android-sdk-macosx/build-tools/23.0.2/aapt "package" "-f" "-m" "-J" "/Users/jezrel_mx/Documents/Appcelerator_Workspace_DIM/Hola Ti/build/android/gen" "-M" "/Users/jezrel_mx/Documents/Appcelerator_Workspace_DIM/Hola Ti/build/android/AndroidManifest.xml" "-A" "/Users/jezrel_mx/Documents/Appcelerator_Workspace_DIM/Hola Ti/build/android/bin/assets" "-S" "/Users/jezrel_mx/Documents/Appcelerator_Workspace_DIM/Hola Ti/build/android/res" "-I" "/Applications/android-sdk-macosx/platforms/android-23/android.jar" "-F" "/Users/jezrel_mx/Documents/Appcelerator_Workspace_DIM/Hola Ti/build/android/bin/app.ap_" "--auto-add-overlay" "--extra-packages" "ti.modules.titanium.ui:android.support.v7.appcompat:android.support.v7.cardview" "-S" "/var/folders/r5/pj8_d8zj7vd4g39_nw7nssb00000gn/T/116711-94329-c9ah99/res" "-S" "/var/folders/r5/pj8_d8zj7vd4g39_nw7nssb00000gn/T/116711-94329-110hfsm/res" "-S" "/var/folders/r5/pj8_d8zj7vd4g39_nw7nssb00000gn/T/116711-94329-ib33ov/res"
[INFO]   Building Java source files: /Library/Java/JavaVirtualMachines/jdk1.7.0_79.jdk/Contents/Home/bin/javac "-J-Xmx1024M" "-encoding" "utf8" "-bootclasspath" "/Applications/android-sdk-macosx/platforms/android-23/android.jar:/Users/jezrel_mx/Library/Application Support/Titanium/mobilesdk/osx/5.3.1.GA/android/kroll-v8.jar:/Users/jezrel_mx/Library/Application Support/Titanium/mobilesdk/osx/5.3.1.GA/android/modules/titanium-analytics.jar:/Users/jezrel_mx/Library/Application Support/Titanium/mobilesdk/osx/5.3.1.GA/android/aps-analytics.jar:/Users/jezrel_mx/Library/Application Support/Titanium/mobilesdk/osx/5.3.1.GA/android/modules/titanium-android.jar:/Users/jezrel_mx/Library/Application Support/Titanium/mobilesdk/osx/5.3.1.GA/android/jaxen-1.1.1.jar:/Users/jezrel_mx/Library/Application Support/Titanium/mobilesdk/osx/5.3.1.GA/android/ti-commons-codec-1.3.jar:/Users/jezrel_mx/Library/Application Support/Titanium/mobilesdk/osx/5.3.1.GA/android/kroll-common.jar:/Users/jezrel_mx/Library/Application Support/Titanium/mobilesdk/osx/5.3.1.GA/android/titanium.jar:/Users/jezrel_mx/Library/Application Support/Titanium/mobilesdk/osx/5.3.1.GA/android/modules/titanium-app.jar:/Users/jezrel_mx/Library/Application Support/Titanium/mobilesdk/osx/5.3.1.GA/android/modules/titanium-ui.jar:/Users/jezrel_mx/Library/Application Support/Titanium/mobilesdk/osx/5.3.1.GA/android/nineoldandroids-appc-2.4.0.jar:/Users/jezrel_mx/Library/Application Support/Titanium/mobilesdk/osx/5.3.1.GA/android/modules/titanium-filesystem.jar:/Users/jezrel_mx/Library/Application Support/Titanium/mobilesdk/osx/5.3.1.GA/android/modules/titanium-media.jar:/Users/jezrel_mx/Library/Application Support/Titanium/mobilesdk/osx/5.3.1.GA/android/modules/titanium-appcompat.jar:/Users/jezrel_mx/Library/Application Support/Titanium/mobilesdk/osx/5.3.1.GA/android/android-support-v4.jar:/Users/jezrel_mx/Library/Application Support/Titanium/mobilesdk/osx/5.3.1.GA/android/android-support-v7-appcompat.jar:/Users/jezrel_mx/Library/Application Support/Titanium/mobilesdk/osx/5.3.1.GA/android/modules/titanium-cardview.jar:/Users/jezrel_mx/Library/Application Support/Titanium/mobilesdk/osx/5.3.1.GA/android/cardview-v7-23.0.1.jar:/Users/jezrel_mx/Library/Application Support/Titanium/mobilesdk/osx/5.3.1.GA/android/modules/titanium-locale.jar:/Users/jezrel_mx/Library/Application Support/Titanium/mobilesdk/osx/5.3.1.GA/android/modules/titanium-network.jar:/Users/jezrel_mx/Library/Application Support/Titanium/mobilesdk/osx/5.3.1.GA/android/modules/titanium-xml.jar:/Users/jezrel_mx/Library/Application Support/Titanium/mobilesdk/osx/5.3.1.GA/android/modules/titanium-platform.jar:/Users/jezrel_mx/Library/Application Support/Titanium/mobilesdk/osx/5.3.1.GA/android/lib/titanium-verify.jar:R.class:AssetCryptImpl.class:HolaTiActivity.class:HolaTiAppInfo.class:HolaTiApplication.class" "-d" "/Users/jezrel_mx/Documents/Appcelerator_Workspace_DIM/Hola Ti/build/android/bin/classes" "-proc:none" "-target" "1.6" "-source" "1.6" "@/Users/jezrel_mx/Documents/Appcelerator_Workspace_DIM/Hola Ti/build/android/java-sources.txt"
[INFO]   Running dexer: /Library/Java/JavaVirtualMachines/jdk1.7.0_79.jdk/Contents/Home/bin/java "-Xmx1024M" "-XX:-UseGCOverheadLimit" "-Djava.ext.dirs=/Applications/android-sdk-macosx/platform-tools" "-jar" "/Applications/android-sdk-macosx/build-tools/23.0.2/lib/dx.jar" "--dex" "--output=/Users/jezrel_mx/Documents/Appcelerator_Workspace_DIM/Hola Ti/build/android/bin/classes.dex" "/Users/jezrel_mx/Documents/Appcelerator_Workspace_DIM/Hola Ti/build/android/bin/classes" "/Users/jezrel_mx/Library/Application Support/Titanium/mobilesdk/osx/5.3.1.GA/android/lib/titanium-verify.jar" "/Users/jezrel_mx/Library/Application Support/Titanium/mobilesdk/osx/5.3.1.GA/android/kroll-v8.jar" "/Users/jezrel_mx/Library/Application Support/Titanium/mobilesdk/osx/5.3.1.GA/android/modules/titanium-analytics.jar" "/Users/jezrel_mx/Library/Application Support/Titanium/mobilesdk/osx/5.3.1.GA/android/aps-analytics.jar" "/Users/jezrel_mx/Library/Application Support/Titanium/mobilesdk/osx/5.3.1.GA/android/modules/titanium-android.jar" "/Users/jezrel_mx/Library/Application Support/Titanium/mobilesdk/osx/5.3.1.GA/android/jaxen-1.1.1.jar" "/Users/jezrel_mx/Library/Application Support/Titanium/mobilesdk/osx/5.3.1.GA/android/ti-commons-codec-1.3.jar" "/Users/jezrel_mx/Library/Application Support/Titanium/mobilesdk/osx/5.3.1.GA/android/kroll-common.jar" "/Users/jezrel_mx/Library/Application Support/Titanium/mobilesdk/osx/5.3.1.GA/android/titanium.jar" "/Users/jezrel_mx/Library/Application Support/Titanium/mobilesdk/osx/5.3.1.GA/android/modules/titanium-app.jar" "/Users/jezrel_mx/Library/Application Support/Titanium/mobilesdk/osx/5.3.1.GA/android/modules/titanium-ui.jar" "/Users/jezrel_mx/Library/Application Support/Titanium/mobilesdk/osx/5.3.1.GA/android/nineoldandroids-appc-2.4.0.jar" "/Users/jezrel_mx/Library/Application Support/Titanium/mobilesdk/osx/5.3.1.GA/android/modules/titanium-filesystem.jar" "/Users/jezrel_mx/Library/Application Support/Titanium/mobilesdk/osx/5.3.1.GA/android/modules/titanium-media.jar" "/Users/jezrel_mx/Library/Application Support/Titanium/mobilesdk/osx/5.3.1.GA/android/modules/titanium-appcompat.jar" "/Users/jezrel_mx/Library/Application Support/Titanium/mobilesdk/osx/5.3.1.GA/android/android-support-v4.jar" "/Users/jezrel_mx/Library/Application Support/Titanium/mobilesdk/osx/5.3.1.GA/android/android-support-v7-appcompat.jar" "/Users/jezrel_mx/Library/Application Support/Titanium/mobilesdk/osx/5.3.1.GA/android/modules/titanium-cardview.jar" "/Users/jezrel_mx/Library/Application Support/Titanium/mobilesdk/osx/5.3.1.GA/android/cardview-v7-23.0.1.jar" "/Users/jezrel_mx/Library/Application Support/Titanium/mobilesdk/osx/5.3.1.GA/android/modules/titanium-locale.jar" "/Users/jezrel_mx/Library/Application Support/Titanium/mobilesdk/osx/5.3.1.GA/android/modules/titanium-network.jar" "/Users/jezrel_mx/Library/Application Support/Titanium/mobilesdk/osx/5.3.1.GA/android/modules/titanium-xml.jar" "/Users/jezrel_mx/Library/Application Support/Titanium/mobilesdk/osx/5.3.1.GA/android/modules/titanium-platform.jar"
[INFO]   Creating unsigned apk
[DEBUG]  Processing /Users/jezrel_mx/Documents/Appcelerator_Workspace_DIM/Hola Ti/build/android/bin/app.ap_
[DEBUG]  Deflating AndroidManifest.xml
[DEBUG]  Adding assets/Resources/KS_nav_ui.png
[DEBUG]  Adding assets/Resources/KS_nav_views.png
[DEBUG]  Adding assets/Resources/appicon.png
[DEBUG]  Deflating assets/Resources/fonts/TitilliumWeb-Bold.ttf
[DEBUG]  Deflating assets/Resources/fonts/TitilliumWeb-Light.ttf
[DEBUG]  Deflating assets/Resources/fonts/TitilliumWeb-Regular.ttf
[DEBUG]  Deflating assets/Resources/fonts/TitilliumWeb-SemiBold.ttf
[DEBUG]  Deflating assets/Resources/fonts/TitilliumWeb-Thin.ttf
[DEBUG]  Deflating assets/app.json
[DEBUG]  Deflating assets/index.json
[DEBUG]  Deflating res/anim/abc_fade_in.xml
[DEBUG]  Deflating res/anim/abc_fade_out.xml
[DEBUG]  Deflating res/anim/abc_grow_fade_in_from_bottom.xml
[DEBUG]  Deflating res/anim/abc_popup_enter.xml
[DEBUG]  Deflating res/anim/abc_popup_exit.xml
[DEBUG]  Deflating res/anim/abc_shrink_fade_out_from_bottom.xml
[DEBUG]  Deflating res/anim/abc_slide_in_bottom.xml
[DEBUG]  Deflating res/anim/abc_slide_in_top.xml
[DEBUG]  Deflating res/anim/abc_slide_out_bottom.xml
[DEBUG]  Deflating res/anim/abc_slide_out_top.xml
[DEBUG]  Deflating res/color-v11/abc_background_cache_hint_selector_material_dark.xml
[DEBUG]  Deflating res/color-v11/abc_background_cache_hint_selector_material_light.xml
[DEBUG]  Deflating res/color-v23/abc_color_highlight_material.xml
[DEBUG]  Deflating res/color/abc_background_cache_hint_selector_material_dark.xml
[DEBUG]  Deflating res/color/abc_background_cache_hint_selector_material_light.xml
[DEBUG]  Deflating res/color/abc_primary_text_disable_only_material_dark.xml
[DEBUG]  Deflating res/color/abc_primary_text_disable_only_material_light.xml
[DEBUG]  Deflating res/color/abc_primary_text_material_dark.xml
[DEBUG]  Deflating res/color/abc_primary_text_material_light.xml
[DEBUG]  Deflating res/color/abc_search_url_text.xml
[DEBUG]  Deflating res/color/abc_secondary_text_material_dark.xml
[DEBUG]  Deflating res/color/abc_secondary_text_material_light.xml
[DEBUG]  Deflating res/color/switch_thumb_material_dark.xml
[DEBUG]  Deflating res/color/switch_thumb_material_light.xml
[DEBUG]  Adding res/drawable-hdpi-v4/abc_ab_share_pack_mtrl_alpha.9.png
[DEBUG]  Adding res/drawable-hdpi-v4/abc_btn_check_to_on_mtrl_000.png
[DEBUG]  Adding res/drawable-hdpi-v4/abc_btn_check_to_on_mtrl_015.png
[DEBUG]  Adding res/drawable-hdpi-v4/abc_btn_radio_to_on_mtrl_000.png
[DEBUG]  Adding res/drawable-hdpi-v4/abc_btn_radio_to_on_mtrl_015.png
[DEBUG]  Adding res/drawable-hdpi-v4/abc_btn_rating_star_off_mtrl_alpha.png
[DEBUG]  Adding res/drawable-hdpi-v4/abc_btn_rating_star_on_mtrl_alpha.png
[DEBUG]  Adding res/drawable-hdpi-v4/abc_btn_switch_to_on_mtrl_00001.9.png
[DEBUG]  Adding res/drawable-hdpi-v4/abc_btn_switch_to_on_mtrl_00012.9.png
[DEBUG]  Adding res/drawable-hdpi-v4/abc_cab_background_top_mtrl_alpha.9.png
[DEBUG]  Adding res/drawable-hdpi-v4/abc_ic_ab_back_mtrl_am_alpha.png
[DEBUG]  Adding res/drawable-hdpi-v4/abc_ic_clear_mtrl_alpha.png
[DEBUG]  Adding res/drawable-hdpi-v4/abc_ic_commit_search_api_mtrl_alpha.png
[DEBUG]  Adding res/drawable-hdpi-v4/abc_ic_go_search_api_mtrl_alpha.png
[DEBUG]  Adding res/drawable-hdpi-v4/abc_ic_menu_copy_mtrl_am_alpha.png
[DEBUG]  Adding res/drawable-hdpi-v4/abc_ic_menu_cut_mtrl_alpha.png
[DEBUG]  Adding res/drawable-hdpi-v4/abc_ic_menu_moreoverflow_mtrl_alpha.png
[DEBUG]  Adding res/drawable-hdpi-v4/abc_ic_menu_paste_mtrl_am_alpha.png
[DEBUG]  Adding res/drawable-hdpi-v4/abc_ic_menu_selectall_mtrl_alpha.png
[DEBUG]  Adding res/drawable-hdpi-v4/abc_ic_menu_share_mtrl_alpha.png
[DEBUG]  Adding res/drawable-hdpi-v4/abc_ic_search_api_mtrl_alpha.png
[DEBUG]  Adding res/drawable-hdpi-v4/abc_ic_voice_search_api_mtrl_alpha.png
[DEBUG]  Adding res/drawable-hdpi-v4/abc_list_divider_mtrl_alpha.9.png
[DEBUG]  Adding res/drawable-hdpi-v4/abc_list_focused_holo.9.png
[DEBUG]  Adding res/drawable-hdpi-v4/abc_list_longpressed_holo.9.png
[DEBUG]  Adding res/drawable-hdpi-v4/abc_list_pressed_holo_dark.9.png
[DEBUG]  Adding res/drawable-hdpi-v4/abc_list_pressed_holo_light.9.png
[DEBUG]  Adding res/drawable-hdpi-v4/abc_list_selector_disabled_holo_dark.9.png
[DEBUG]  Adding res/drawable-hdpi-v4/abc_list_selector_disabled_holo_light.9.png
[DEBUG]  Adding res/drawable-hdpi-v4/abc_menu_hardkey_panel_mtrl_mult.9.png
[DEBUG]  Adding res/drawable-hdpi-v4/abc_popup_background_mtrl_mult.9.png
[DEBUG]  Adding res/drawable-hdpi-v4/abc_spinner_mtrl_am_alpha.9.png
[DEBUG]  Adding res/drawable-hdpi-v4/abc_switch_track_mtrl_alpha.9.png
[DEBUG]  Adding res/drawable-hdpi-v4/abc_tab_indicator_mtrl_alpha.9.png
[DEBUG]  Adding res/drawable-hdpi-v4/abc_textfield_activated_mtrl_alpha.9.png
[DEBUG]  Adding res/drawable-hdpi-v4/abc_textfield_default_mtrl_alpha.9.png
[DEBUG]  Adding res/drawable-hdpi-v4/abc_textfield_search_activated_mtrl_alpha.9.png
[DEBUG]  Adding res/drawable-hdpi-v4/abc_textfield_search_default_mtrl_alpha.9.png
[DEBUG]  Adding res/drawable-ldrtl-hdpi-v4/abc_ic_ab_back_mtrl_am_alpha.png
[DEBUG]  Adding res/drawable-ldrtl-hdpi-v4/abc_ic_menu_copy_mtrl_am_alpha.png
[DEBUG]  Adding res/drawable-ldrtl-hdpi-v4/abc_ic_menu_cut_mtrl_alpha.png
[DEBUG]  Adding res/drawable-ldrtl-hdpi-v4/abc_spinner_mtrl_am_alpha.9.png
[DEBUG]  Adding res/drawable-ldrtl-mdpi-v4/abc_ic_ab_back_mtrl_am_alpha.png
[DEBUG]  Adding res/drawable-ldrtl-mdpi-v4/abc_ic_menu_copy_mtrl_am_alpha.png
[DEBUG]  Adding res/drawable-ldrtl-mdpi-v4/abc_ic_menu_cut_mtrl_alpha.png
[DEBUG]  Adding res/drawable-ldrtl-mdpi-v4/abc_spinner_mtrl_am_alpha.9.png
[DEBUG]  Adding res/drawable-ldrtl-xhdpi-v4/abc_ic_ab_back_mtrl_am_alpha.png
[DEBUG]  Adding res/drawable-ldrtl-xhdpi-v4/abc_ic_menu_copy_mtrl_am_alpha.png
[DEBUG]  Adding res/drawable-ldrtl-xhdpi-v4/abc_ic_menu_cut_mtrl_alpha.png
[DEBUG]  Adding res/drawable-ldrtl-xhdpi-v4/abc_spinner_mtrl_am_alpha.9.png
[DEBUG]  Adding res/drawable-ldrtl-xxhdpi-v4/abc_ic_ab_back_mtrl_am_alpha.png
[DEBUG]  Adding res/drawable-ldrtl-xxhdpi-v4/abc_ic_menu_copy_mtrl_am_alpha.png
[DEBUG]  Adding res/drawable-ldrtl-xxhdpi-v4/abc_ic_menu_cut_mtrl_alpha.png
[DEBUG]  Adding res/drawable-ldrtl-xxhdpi-v4/abc_spinner_mtrl_am_alpha.9.png
[DEBUG]  Adding res/drawable-ldrtl-xxxhdpi-v4/abc_ic_ab_back_mtrl_am_alpha.png
[DEBUG]  Adding res/drawable-ldrtl-xxxhdpi-v4/abc_ic_menu_copy_mtrl_am_alpha.png
[DEBUG]  Adding res/drawable-ldrtl-xxxhdpi-v4/abc_ic_menu_cut_mtrl_alpha.png
[DEBUG]  Adding res/drawable-ldrtl-xxxhdpi-v4/abc_spinner_mtrl_am_alpha.9.png
[DEBUG]  Adding res/drawable-long-land-hdpi-v4/background.png
[DEBUG]  Adding res/drawable-long-land-hdpi-v4/fondo_chica_49af20e390.png
[DEBUG]  Adding res/drawable-long-land-ldpi-v4/background.png
[DEBUG]  Adding res/drawable-long-land-ldpi-v4/fondo_chica_49af20e390.png
[DEBUG]  Adding res/drawable-long-port-hdpi-v4/background.png
[DEBUG]  Adding res/drawable-long-port-hdpi-v4/fondo_chica_49af20e390.png
[DEBUG]  Adding res/drawable-long-port-ldpi-v4/background.png
[DEBUG]  Adding res/drawable-long-port-ldpi-v4/fondo_chica_49af20e390.png
[DEBUG]  Adding res/drawable-mdpi-v4/abc_ab_share_pack_mtrl_alpha.9.png
[DEBUG]  Adding res/drawable-mdpi-v4/abc_btn_check_to_on_mtrl_000.png
[DEBUG]  Adding res/drawable-mdpi-v4/abc_btn_check_to_on_mtrl_015.png
[DEBUG]  Adding res/drawable-mdpi-v4/abc_btn_radio_to_on_mtrl_000.png
[DEBUG]  Adding res/drawable-mdpi-v4/abc_btn_radio_to_on_mtrl_015.png
[DEBUG]  Adding res/drawable-mdpi-v4/abc_btn_rating_star_off_mtrl_alpha.png
[DEBUG]  Adding res/drawable-mdpi-v4/abc_btn_rating_star_on_mtrl_alpha.png
[DEBUG]  Adding res/drawable-mdpi-v4/abc_btn_switch_to_on_mtrl_00001.9.png
[DEBUG]  Adding res/drawable-mdpi-v4/abc_btn_switch_to_on_mtrl_00012.9.png
[DEBUG]  Adding res/drawable-mdpi-v4/abc_cab_background_top_mtrl_alpha.9.png
[DEBUG]  Adding res/drawable-mdpi-v4/abc_ic_ab_back_mtrl_am_alpha.png
[DEBUG]  Adding res/drawable-mdpi-v4/abc_ic_clear_mtrl_alpha.png
[DEBUG]  Adding res/drawable-mdpi-v4/abc_ic_commit_search_api_mtrl_alpha.png
[DEBUG]  Adding res/drawable-mdpi-v4/abc_ic_go_search_api_mtrl_alpha.png
[DEBUG]  Adding res/drawable-mdpi-v4/abc_ic_menu_copy_mtrl_am_alpha.png
[DEBUG]  Adding res/drawable-mdpi-v4/abc_ic_menu_cut_mtrl_alpha.png
[DEBUG]  Adding res/drawable-mdpi-v4/abc_ic_menu_moreoverflow_mtrl_alpha.png
[DEBUG]  Adding res/drawable-mdpi-v4/abc_ic_menu_paste_mtrl_am_alpha.png
[DEBUG]  Adding res/drawable-mdpi-v4/abc_ic_menu_selectall_mtrl_alpha.png
[DEBUG]  Adding res/drawable-mdpi-v4/abc_ic_menu_share_mtrl_alpha.png
[DEBUG]  Adding res/drawable-mdpi-v4/abc_ic_search_api_mtrl_alpha.png
[DEBUG]  Adding res/drawable-mdpi-v4/abc_ic_voice_search_api_mtrl_alpha.png
[DEBUG]  Adding res/drawable-mdpi-v4/abc_list_divider_mtrl_alpha.9.png
[DEBUG]  Adding res/drawable-mdpi-v4/abc_list_focused_holo.9.png
[DEBUG]  Adding res/drawable-mdpi-v4/abc_list_longpressed_holo.9.png
[DEBUG]  Adding res/drawable-mdpi-v4/abc_list_pressed_holo_dark.9.png
[DEBUG]  Adding res/drawable-mdpi-v4/abc_list_pressed_holo_light.9.png
[DEBUG]  Adding res/drawable-mdpi-v4/abc_list_selector_disabled_holo_dark.9.png
[DEBUG]  Adding res/drawable-mdpi-v4/abc_list_selector_disabled_holo_light.9.png
[DEBUG]  Adding res/drawable-mdpi-v4/abc_menu_hardkey_panel_mtrl_mult.9.png
[DEBUG]  Adding res/drawable-mdpi-v4/abc_popup_background_mtrl_mult.9.png
[DEBUG]  Adding res/drawable-mdpi-v4/abc_spinner_mtrl_am_alpha.9.png
[DEBUG]  Adding res/drawable-mdpi-v4/abc_switch_track_mtrl_alpha.9.png
[DEBUG]  Adding res/drawable-mdpi-v4/abc_tab_indicator_mtrl_alpha.9.png
[DEBUG]  Adding res/drawable-mdpi-v4/abc_textfield_activated_mtrl_alpha.9.png
[DEBUG]  Adding res/drawable-mdpi-v4/abc_textfield_default_mtrl_alpha.9.png
[DEBUG]  Adding res/drawable-mdpi-v4/abc_textfield_search_activated_mtrl_alpha.9.png
[DEBUG]  Adding res/drawable-mdpi-v4/abc_textfield_search_default_mtrl_alpha.9.png
[DEBUG]  Adding res/drawable-notlong-land-hdpi-v4/background.png
[DEBUG]  Adding res/drawable-notlong-land-hdpi-v4/fondo_chica_49af20e390.png
[DEBUG]  Adding res/drawable-notlong-land-ldpi-v4/background.png
[DEBUG]  Adding res/drawable-notlong-land-ldpi-v4/fondo_chica_49af20e390.png
[DEBUG]  Adding res/drawable-notlong-land-mdpi-v4/background.png
[DEBUG]  Adding res/drawable-notlong-land-mdpi-v4/fondo_chica_49af20e390.png
[DEBUG]  Adding res/drawable-notlong-port-hdpi-v4/background.png
[DEBUG]  Adding res/drawable-notlong-port-hdpi-v4/fondo_chica_49af20e390.png
[DEBUG]  Adding res/drawable-notlong-port-ldpi-v4/background.png
[DEBUG]  Adding res/drawable-notlong-port-ldpi-v4/fondo_chica_49af20e390.png
[DEBUG]  Adding res/drawable-notlong-port-mdpi-v4/background.png
[DEBUG]  Adding res/drawable-notlong-port-mdpi-v4/fondo_chica_49af20e390.png
[DEBUG]  Deflating res/drawable-v21/abc_action_bar_item_background_material.xml
[DEBUG]  Deflating res/drawable-v21/abc_btn_colored_material.xml
[DEBUG]  Deflating res/drawable-v23/abc_control_background_material.xml
[DEBUG]  Adding res/drawable-xhdpi-v4/abc_ab_share_pack_mtrl_alpha.9.png
[DEBUG]  Adding res/drawable-xhdpi-v4/abc_btn_check_to_on_mtrl_000.png
[DEBUG]  Adding res/drawable-xhdpi-v4/abc_btn_check_to_on_mtrl_015.png
[DEBUG]  Adding res/drawable-xhdpi-v4/abc_btn_radio_to_on_mtrl_000.png
[DEBUG]  Adding res/drawable-xhdpi-v4/abc_btn_radio_to_on_mtrl_015.png
[DEBUG]  Adding res/drawable-xhdpi-v4/abc_btn_rating_star_off_mtrl_alpha.png
[DEBUG]  Adding res/drawable-xhdpi-v4/abc_btn_rating_star_on_mtrl_alpha.png
[DEBUG]  Adding res/drawable-xhdpi-v4/abc_btn_switch_to_on_mtrl_00001.9.png
[DEBUG]  Adding res/drawable-xhdpi-v4/abc_btn_switch_to_on_mtrl_00012.9.png
[DEBUG]  Adding res/drawable-xhdpi-v4/abc_cab_background_top_mtrl_alpha.9.png
[DEBUG]  Adding res/drawable-xhdpi-v4/abc_ic_ab_back_mtrl_am_alpha.png
[DEBUG]  Adding res/drawable-xhdpi-v4/abc_ic_clear_mtrl_alpha.png
[DEBUG]  Adding res/drawable-xhdpi-v4/abc_ic_commit_search_api_mtrl_alpha.png
[DEBUG]  Adding res/drawable-xhdpi-v4/abc_ic_go_search_api_mtrl_alpha.png
[DEBUG]  Adding res/drawable-xhdpi-v4/abc_ic_menu_copy_mtrl_am_alpha.png
[DEBUG]  Adding res/drawable-xhdpi-v4/abc_ic_menu_cut_mtrl_alpha.png
[DEBUG]  Adding res/drawable-xhdpi-v4/abc_ic_menu_moreoverflow_mtrl_alpha.png
[DEBUG]  Adding res/drawable-xhdpi-v4/abc_ic_menu_paste_mtrl_am_alpha.png
[DEBUG]  Adding res/drawable-xhdpi-v4/abc_ic_menu_selectall_mtrl_alpha.png
[DEBUG]  Adding res/drawable-xhdpi-v4/abc_ic_menu_share_mtrl_alpha.png
[DEBUG]  Adding res/drawable-xhdpi-v4/abc_ic_search_api_mtrl_alpha.png
[DEBUG]  Adding res/drawable-xhdpi-v4/abc_ic_voice_search_api_mtrl_alpha.png
[DEBUG]  Adding res/drawable-xhdpi-v4/abc_list_divider_mtrl_alpha.9.png
[DEBUG]  Adding res/drawable-xhdpi-v4/abc_list_focused_holo.9.png
[DEBUG]  Adding res/drawable-xhdpi-v4/abc_list_longpressed_holo.9.png
[DEBUG]  Adding res/drawable-xhdpi-v4/abc_list_pressed_holo_dark.9.png
[DEBUG]  Adding res/drawable-xhdpi-v4/abc_list_pressed_holo_light.9.png
[DEBUG]  Adding res/drawable-xhdpi-v4/abc_list_selector_disabled_holo_dark.9.png
[DEBUG]  Adding res/drawable-xhdpi-v4/abc_list_selector_disabled_holo_light.9.png
[DEBUG]  Adding res/drawable-xhdpi-v4/abc_menu_hardkey_panel_mtrl_mult.9.png
[DEBUG]  Adding res/drawable-xhdpi-v4/abc_popup_background_mtrl_mult.9.png
[DEBUG]  Adding res/drawable-xhdpi-v4/abc_spinner_mtrl_am_alpha.9.png
[DEBUG]  Adding res/drawable-xhdpi-v4/abc_switch_track_mtrl_alpha.9.png
[DEBUG]  Adding res/drawable-xhdpi-v4/abc_tab_indicator_mtrl_alpha.9.png
[DEBUG]  Adding res/drawable-xhdpi-v4/abc_textfield_activated_mtrl_alpha.9.png
[DEBUG]  Adding res/drawable-xhdpi-v4/abc_textfield_default_mtrl_alpha.9.png
[DEBUG]  Adding res/drawable-xhdpi-v4/abc_textfield_search_activated_mtrl_alpha.9.png
[DEBUG]  Adding res/drawable-xhdpi-v4/abc_textfield_search_default_mtrl_alpha.9.png
[DEBUG]  Adding res/drawable-xxhdpi-v4/abc_ab_share_pack_mtrl_alpha.9.png
[DEBUG]  Adding res/drawable-xxhdpi-v4/abc_btn_check_to_on_mtrl_000.png
[DEBUG]  Adding res/drawable-xxhdpi-v4/abc_btn_check_to_on_mtrl_015.png
[DEBUG]  Adding res/drawable-xxhdpi-v4/abc_btn_radio_to_on_mtrl_000.png
[DEBUG]  Adding res/drawable-xxhdpi-v4/abc_btn_radio_to_on_mtrl_015.png
[DEBUG]  Adding res/drawable-xxhdpi-v4/abc_btn_rating_star_off_mtrl_alpha.png
[DEBUG]  Adding res/drawable-xxhdpi-v4/abc_btn_rating_star_on_mtrl_alpha.png
[DEBUG]  Adding res/drawable-xxhdpi-v4/abc_btn_switch_to_on_mtrl_00001.9.png
[DEBUG]  Adding res/drawable-xxhdpi-v4/abc_btn_switch_to_on_mtrl_00012.9.png
[DEBUG]  Adding res/drawable-xxhdpi-v4/abc_cab_background_top_mtrl_alpha.9.png
[DEBUG]  Adding res/drawable-xxhdpi-v4/abc_ic_ab_back_mtrl_am_alpha.png
[DEBUG]  Adding res/drawable-xxhdpi-v4/abc_ic_clear_mtrl_alpha.png
[DEBUG]  Adding res/drawable-xxhdpi-v4/abc_ic_commit_search_api_mtrl_alpha.png
[DEBUG]  Adding res/drawable-xxhdpi-v4/abc_ic_go_search_api_mtrl_alpha.png
[DEBUG]  Adding res/drawable-xxhdpi-v4/abc_ic_menu_copy_mtrl_am_alpha.png
[DEBUG]  Adding res/drawable-xxhdpi-v4/abc_ic_menu_cut_mtrl_alpha.png
[DEBUG]  Adding res/drawable-xxhdpi-v4/abc_ic_menu_moreoverflow_mtrl_alpha.png
[DEBUG]  Adding res/drawable-xxhdpi-v4/abc_ic_menu_paste_mtrl_am_alpha.png
[DEBUG]  Adding res/drawable-xxhdpi-v4/abc_ic_menu_selectall_mtrl_alpha.png
[DEBUG]  Adding res/drawable-xxhdpi-v4/abc_ic_menu_share_mtrl_alpha.png
[DEBUG]  Adding res/drawable-xxhdpi-v4/abc_ic_search_api_mtrl_alpha.png
[DEBUG]  Adding res/drawable-xxhdpi-v4/abc_ic_voice_search_api_mtrl_alpha.png
[DEBUG]  Adding res/drawable-xxhdpi-v4/abc_list_divider_mtrl_alpha.9.png
[DEBUG]  Adding res/drawable-xxhdpi-v4/abc_list_focused_holo.9.png
[DEBUG]  Adding res/drawable-xxhdpi-v4/abc_list_longpressed_holo.9.png
[DEBUG]  Adding res/drawable-xxhdpi-v4/abc_list_pressed_holo_dark.9.png
[DEBUG]  Adding res/drawable-xxhdpi-v4/abc_list_pressed_holo_light.9.png
[DEBUG]  Adding res/drawable-xxhdpi-v4/abc_list_selector_disabled_holo_dark.9.png
[DEBUG]  Adding res/drawable-xxhdpi-v4/abc_list_selector_disabled_holo_light.9.png
[DEBUG]  Adding res/drawable-xxhdpi-v4/abc_menu_hardkey_panel_mtrl_mult.9.png
[DEBUG]  Adding res/drawable-xxhdpi-v4/abc_popup_background_mtrl_mult.9.png
[DEBUG]  Adding res/drawable-xxhdpi-v4/abc_spinner_mtrl_am_alpha.9.png
[DEBUG]  Adding res/drawable-xxhdpi-v4/abc_switch_track_mtrl_alpha.9.png
[DEBUG]  Adding res/drawable-xxhdpi-v4/abc_tab_indicator_mtrl_alpha.9.png
[DEBUG]  Adding res/drawable-xxhdpi-v4/abc_textfield_activated_mtrl_alpha.9.png
[DEBUG]  Adding res/drawable-xxhdpi-v4/abc_textfield_default_mtrl_alpha.9.png
[DEBUG]  Adding res/drawable-xxhdpi-v4/abc_textfield_search_activated_mtrl_alpha.9.png
[DEBUG]  Adding res/drawable-xxhdpi-v4/abc_textfield_search_default_mtrl_alpha.9.png
[DEBUG]  Adding res/drawable-xxxhdpi-v4/abc_btn_check_to_on_mtrl_000.png
[DEBUG]  Adding res/drawable-xxxhdpi-v4/abc_btn_check_to_on_mtrl_015.png
[DEBUG]  Adding res/drawable-xxxhdpi-v4/abc_btn_radio_to_on_mtrl_000.png
[DEBUG]  Adding res/drawable-xxxhdpi-v4/abc_btn_radio_to_on_mtrl_015.png
[DEBUG]  Adding res/drawable-xxxhdpi-v4/abc_btn_switch_to_on_mtrl_00001.9.png
[DEBUG]  Adding res/drawable-xxxhdpi-v4/abc_btn_switch_to_on_mtrl_00012.9.png
[DEBUG]  Adding res/drawable-xxxhdpi-v4/abc_ic_ab_back_mtrl_am_alpha.png
[DEBUG]  Adding res/drawable-xxxhdpi-v4/abc_ic_clear_mtrl_alpha.png
[DEBUG]  Adding res/drawable-xxxhdpi-v4/abc_ic_menu_copy_mtrl_am_alpha.png
[DEBUG]  Adding res/drawable-xxxhdpi-v4/abc_ic_menu_cut_mtrl_alpha.png
[DEBUG]  Adding res/drawable-xxxhdpi-v4/abc_ic_menu_moreoverflow_mtrl_alpha.png
[DEBUG]  Adding res/drawable-xxxhdpi-v4/abc_ic_menu_paste_mtrl_am_alpha.png
[DEBUG]  Adding res/drawable-xxxhdpi-v4/abc_ic_menu_selectall_mtrl_alpha.png
[DEBUG]  Adding res/drawable-xxxhdpi-v4/abc_ic_menu_share_mtrl_alpha.png
[DEBUG]  Adding res/drawable-xxxhdpi-v4/abc_ic_search_api_mtrl_alpha.png
[DEBUG]  Adding res/drawable-xxxhdpi-v4/abc_ic_voice_search_api_mtrl_alpha.png
[DEBUG]  Adding res/drawable-xxxhdpi-v4/abc_spinner_mtrl_am_alpha.9.png
[DEBUG]  Adding res/drawable-xxxhdpi-v4/abc_switch_track_mtrl_alpha.9.png
[DEBUG]  Adding res/drawable-xxxhdpi-v4/abc_tab_indicator_mtrl_alpha.9.png
[DEBUG]  Deflating res/drawable/abc_btn_borderless_material.xml
[DEBUG]  Deflating res/drawable/abc_btn_check_material.xml
[DEBUG]  Deflating res/drawable/abc_btn_colored_material.xml
[DEBUG]  Deflating res/drawable/abc_btn_default_mtrl_shape.xml
[DEBUG]  Deflating res/drawable/abc_btn_radio_material.xml
[DEBUG]  Deflating res/drawable/abc_cab_background_internal_bg.xml
[DEBUG]  Deflating res/drawable/abc_cab_background_top_material.xml
[DEBUG]  Deflating res/drawable/abc_dialog_material_background_dark.xml
[DEBUG]  Deflating res/drawable/abc_dialog_material_background_light.xml
[DEBUG]  Deflating res/drawable/abc_edit_text_material.xml
[DEBUG]  Deflating res/drawable/abc_item_background_holo_dark.xml
[DEBUG]  Deflating res/drawable/abc_item_background_holo_light.xml
[DEBUG]  Deflating res/drawable/abc_list_selector_background_transition_holo_dark.xml
[DEBUG]  Deflating res/drawable/abc_list_selector_background_transition_holo_light.xml
[DEBUG]  Deflating res/drawable/abc_list_selector_holo_dark.xml
[DEBUG]  Deflating res/drawable/abc_list_selector_holo_light.xml
[DEBUG]  Deflating res/drawable/abc_ratingbar_full_material.xml
[DEBUG]  Deflating res/drawable/abc_spinner_textfield_background_material.xml
[DEBUG]  Deflating res/drawable/abc_switch_thumb_material.xml
[DEBUG]  Deflating res/drawable/abc_tab_indicator_material.xml
[DEBUG]  Deflating res/drawable/abc_text_cursor_material.xml
[DEBUG]  Deflating res/drawable/abc_textfield_search_material.xml
[DEBUG]  Adding res/drawable/appicon.png
[DEBUG]  Adding res/drawable/background.png
[DEBUG]  Adding res/drawable/btn_check_buttonless_on_64.png
[DEBUG]  Adding res/drawable/btn_more_64.png
[DEBUG]  Adding res/drawable/disclosure_64.png
[DEBUG]  Deflating res/layout-v17/abc_alert_dialog_material.xml
[DEBUG]  Deflating res/layout-v17/abc_dialog_title_material.xml
[DEBUG]  Deflating res/layout-v17/abc_search_view.xml
[DEBUG]  Deflating res/layout-v17/notification_template_big_media.xml
[DEBUG]  Deflating res/layout-v17/notification_template_big_media_narrow.xml
[DEBUG]  Deflating res/layout-v17/notification_template_lines.xml
[DEBUG]  Deflating res/layout-v17/notification_template_media.xml
[DEBUG]  Deflating res/layout-v17/notification_template_part_chronometer.xml
[DEBUG]  Deflating res/layout-v17/notification_template_part_time.xml
[DEBUG]  Deflating res/layout-v21/abc_screen_toolbar.xml
[DEBUG]  Deflating res/layout-v21/titanium_ui_date_picker_spinner.xml
[DEBUG]  Deflating res/layout-v21/titanium_ui_time_picker_spinner.xml
[DEBUG]  Deflating res/layout/abc_action_bar_title_item.xml
[DEBUG]  Deflating res/layout/abc_action_bar_up_container.xml
[DEBUG]  Deflating res/layout/abc_action_bar_view_list_nav_layout.xml
[DEBUG]  Deflating res/layout/abc_action_menu_item_layout.xml
[DEBUG]  Deflating res/layout/abc_action_menu_layout.xml
[DEBUG]  Deflating res/layout/abc_action_mode_bar.xml
[DEBUG]  Deflating res/layout/abc_action_mode_close_item_material.xml
[DEBUG]  Deflating res/layout/abc_activity_chooser_view.xml
[DEBUG]  Deflating res/layout/abc_activity_chooser_view_list_item.xml
[DEBUG]  Deflating res/layout/abc_alert_dialog_material.xml
[DEBUG]  Deflating res/layout/abc_dialog_title_material.xml
[DEBUG]  Deflating res/layout/abc_expanded_menu_layout.xml
[DEBUG]  Deflating res/layout/abc_list_menu_item_checkbox.xml
[DEBUG]  Deflating res/layout/abc_list_menu_item_icon.xml
[DEBUG]  Deflating res/layout/abc_list_menu_item_layout.xml
[DEBUG]  Deflating res/layout/abc_list_menu_item_radio.xml
[DEBUG]  Deflating res/layout/abc_popup_menu_item_layout.xml
[DEBUG]  Deflating res/layout/abc_screen_content_include.xml
[DEBUG]  Deflating res/layout/abc_screen_simple.xml
[DEBUG]  Deflating res/layout/abc_screen_simple_overlay_action_mode.xml
[DEBUG]  Deflating res/layout/abc_screen_toolbar.xml
[DEBUG]  Deflating res/layout/abc_search_dropdown_item_icons_2line.xml
[DEBUG]  Deflating res/layout/abc_search_view.xml
[DEBUG]  Deflating res/layout/abc_select_dialog_material.xml
[DEBUG]  Deflating res/layout/notification_media_action.xml
[DEBUG]  Deflating res/layout/notification_media_cancel_action.xml
[DEBUG]  Deflating res/layout/notification_template_big_media.xml
[DEBUG]  Deflating res/layout/notification_template_big_media_narrow.xml
[DEBUG]  Deflating res/layout/notification_template_lines.xml
[DEBUG]  Deflating res/layout/notification_template_media.xml
[DEBUG]  Deflating res/layout/notification_template_part_chronometer.xml
[DEBUG]  Deflating res/layout/notification_template_part_time.xml
[DEBUG]  Deflating res/layout/select_dialog_item_material.xml
[DEBUG]  Deflating res/layout/select_dialog_multichoice_material.xml
[DEBUG]  Deflating res/layout/select_dialog_singlechoice_material.xml
[DEBUG]  Deflating res/layout/support_simple_spinner_dropdown_item.xml
[DEBUG]  Deflating res/layout/titanium_tabgroup.xml
[DEBUG]  Deflating res/layout/titanium_ui_checkbox.xml
[DEBUG]  Deflating res/layout/titanium_ui_date_picker_spinner.xml
[DEBUG]  Deflating res/layout/titanium_ui_edittext.xml
[DEBUG]  Deflating res/layout/titanium_ui_list_header_or_footer.xml
[DEBUG]  Deflating res/layout/titanium_ui_list_item.xml
[DEBUG]  Deflating res/layout/titanium_ui_spinner.xml
[DEBUG]  Deflating res/layout/titanium_ui_switchcompat.xml
[DEBUG]  Deflating res/layout/titanium_ui_time_picker_spinner.xml
[DEBUG]  Deflating resources.arsc
[DEBUG]  Processing /Users/jezrel_mx/Library/Application Support/Titanium/mobilesdk/osx/5.3.1.GA/android/kroll-v8.jar
[DEBUG]  Processing /Users/jezrel_mx/Library/Application Support/Titanium/mobilesdk/osx/5.3.1.GA/android/modules/titanium-analytics.jar
[DEBUG]  Processing /Users/jezrel_mx/Library/Application Support/Titanium/mobilesdk/osx/5.3.1.GA/android/aps-analytics.jar
[DEBUG]  Processing /Users/jezrel_mx/Library/Application Support/Titanium/mobilesdk/osx/5.3.1.GA/android/modules/titanium-android.jar
[DEBUG]  Processing /Users/jezrel_mx/Library/Application Support/Titanium/mobilesdk/osx/5.3.1.GA/android/jaxen-1.1.1.jar
[DEBUG]  Processing /Users/jezrel_mx/Library/Application Support/Titanium/mobilesdk/osx/5.3.1.GA/android/ti-commons-codec-1.3.jar
[DEBUG]  Processing /Users/jezrel_mx/Library/Application Support/Titanium/mobilesdk/osx/5.3.1.GA/android/kroll-common.jar
[DEBUG]  Processing /Users/jezrel_mx/Library/Application Support/Titanium/mobilesdk/osx/5.3.1.GA/android/titanium.jar
[DEBUG]  Deflating org/appcelerator/titanium/build.properties
[DEBUG]  Adding org/appcelerator/titanium/res/drawable/background.png
[DEBUG]  Adding org/appcelerator/titanium/res/drawable/btn_check_buttonless_on.png
[DEBUG]  Adding org/appcelerator/titanium/res/drawable/btn_check_buttonless_on_100.png
[DEBUG]  Adding org/appcelerator/titanium/res/drawable/btn_check_buttonless_on_18.png
[DEBUG]  Adding org/appcelerator/titanium/res/drawable/btn_check_buttonless_on_48.png
[DEBUG]  Adding org/appcelerator/titanium/res/drawable/btn_check_buttonless_on_64.png
[DEBUG]  Adding org/appcelerator/titanium/res/drawable/btn_more.png
[DEBUG]  Adding org/appcelerator/titanium/res/drawable/btn_more_100.png
[DEBUG]  Adding org/appcelerator/titanium/res/drawable/btn_more_18.png
[DEBUG]  Adding org/appcelerator/titanium/res/drawable/btn_more_48.png
[DEBUG]  Adding org/appcelerator/titanium/res/drawable/btn_more_64.png
[DEBUG]  Adding org/appcelerator/titanium/res/drawable/btn_picker_normal.9.png
[DEBUG]  Adding org/appcelerator/titanium/res/drawable/btn_picker_pressed.9.png
[DEBUG]  Adding org/appcelerator/titanium/res/drawable/btn_picker_selected.9.png
[DEBUG]  Adding org/appcelerator/titanium/res/drawable/default_icon.png
[DEBUG]  Adding org/appcelerator/titanium/res/drawable/photoDefault.png
[DEBUG]  Processing /Users/jezrel_mx/Library/Application Support/Titanium/mobilesdk/osx/5.3.1.GA/android/modules/titanium-app.jar
[DEBUG]  Processing /Users/jezrel_mx/Library/Application Support/Titanium/mobilesdk/osx/5.3.1.GA/android/modules/titanium-ui.jar
[DEBUG]  Deflating ti/modules/titanium/ui/widget/webview/binding.js
[DEBUG]  Deflating ti/modules/titanium/ui/widget/webview/binding.min.js
[DEBUG]  Deflating ti/modules/titanium/ui/widget/webview/json2.js
[DEBUG]  Deflating ti/modules/titanium/ui/widget/webview/polling.js
[DEBUG]  Deflating ti/modules/titanium/ui/widget/webview/polling.min.js
[DEBUG]  Processing /Users/jezrel_mx/Library/Application Support/Titanium/mobilesdk/osx/5.3.1.GA/android/nineoldandroids-appc-2.4.0.jar
[DEBUG]  Processing /Users/jezrel_mx/Library/Application Support/Titanium/mobilesdk/osx/5.3.1.GA/android/modules/titanium-filesystem.jar
[DEBUG]  Processing /Users/jezrel_mx/Library/Application Support/Titanium/mobilesdk/osx/5.3.1.GA/android/modules/titanium-media.jar
[DEBUG]  Processing /Users/jezrel_mx/Library/Application Support/Titanium/mobilesdk/osx/5.3.1.GA/android/modules/titanium-appcompat.jar
[DEBUG]  Processing /Users/jezrel_mx/Library/Application Support/Titanium/mobilesdk/osx/5.3.1.GA/android/android-support-v4.jar
[DEBUG]  Processing /Users/jezrel_mx/Library/Application Support/Titanium/mobilesdk/osx/5.3.1.GA/android/android-support-v7-appcompat.jar
[DEBUG]  Processing /Users/jezrel_mx/Library/Application Support/Titanium/mobilesdk/osx/5.3.1.GA/android/modules/titanium-cardview.jar
[DEBUG]  Processing /Users/jezrel_mx/Library/Application Support/Titanium/mobilesdk/osx/5.3.1.GA/android/cardview-v7-23.0.1.jar
[DEBUG]  Processing /Users/jezrel_mx/Library/Application Support/Titanium/mobilesdk/osx/5.3.1.GA/android/modules/titanium-locale.jar
[DEBUG]  Processing /Users/jezrel_mx/Library/Application Support/Titanium/mobilesdk/osx/5.3.1.GA/android/modules/titanium-network.jar
[DEBUG]  Processing /Users/jezrel_mx/Library/Application Support/Titanium/mobilesdk/osx/5.3.1.GA/android/modules/titanium-xml.jar
[DEBUG]  Processing /Users/jezrel_mx/Library/Application Support/Titanium/mobilesdk/osx/5.3.1.GA/android/modules/titanium-platform.jar
[DEBUG]  Adding classes.dex
[INFO]   Processing /Users/jezrel_mx/Documents/Appcelerator_Workspace_DIM/Hola Ti/build/android/src
[DEBUG]  Adding lib/armeabi/libkroll-v8.so
[DEBUG]  Adding lib/armeabi/libstlport_shared.so
[DEBUG]  Adding lib/armeabi/libtiverify.so
[DEBUG]  Adding lib/armeabi-v7a/libkroll-v8.so
[DEBUG]  Adding lib/armeabi-v7a/libstlport_shared.so
[DEBUG]  Adding lib/armeabi-v7a/libtiverify.so
[DEBUG]  Adding lib/x86/libkroll-v8.so
[DEBUG]  Adding lib/x86/libstlport_shared.so
[DEBUG]  Adding lib/x86/libtiverify.so
[INFO]   Writing unsigned apk: /Users/jezrel_mx/Documents/Appcelerator_Workspace_DIM/Hola Ti/build/android/bin/app-unsigned.apk
[INFO]   Using MD5withRSA signature algorithm
[INFO]   Signing apk: /Library/Java/JavaVirtualMachines/jdk1.7.0_79.jdk/Contents/Home/bin/jarsigner "-sigalg" "MD5withRSA" "-digestalg" "SHA1" "-keystore" "/Users/jezrel_mx/Library/Application Support/Titanium/mobilesdk/osx/5.3.1.GA/android/dev_keystore" "-storepass" "*******" "-signedjar" "/Users/jezrel_mx/Documents/Appcelerator_Workspace_DIM/Hola Ti/build/android/bin/Hola Ti.apk" "/Users/jezrel_mx/Documents/Appcelerator_Workspace_DIM/Hola Ti/build/android/bin/app-unsigned.apk" "tidev"
[INFO]   Aligning zip file: /Applications/android-sdk-macosx/build-tools/23.0.2/zipalign "-v" "4" "/Users/jezrel_mx/Documents/Appcelerator_Workspace_DIM/Hola Ti/build/android/bin/Hola Ti.apk" "/Users/jezrel_mx/Documents/Appcelerator_Workspace_DIM/Hola Ti/build/android/bin/Hola Ti.apkz"
[INFO]   Writing build manifest: /Users/jezrel_mx/Documents/Appcelerator_Workspace_DIM/Hola Ti/build/android/build-manifest.json
[INFO]   Making sure the adb server is running
[INFO]   Installing apk: /Users/jezrel_mx/Documents/Appcelerator_Workspace_DIM/Hola Ti/build/android/bin/Hola Ti.apk
[INFO]   Installing app on device: XT1097
[TRACE]  Checking if package manager service is started
[TRACE]  Package manager has started
[TRACE]  Executing: /Applications/android-sdk-macosx/platform-tools/adb -s TA98906SEA install -r /Users/jezrel_mx/Documents/Appcelerator_Workspace_DIM/Hola Ti/build/android/bin/Hola Ti.apk
[INFO]   App successfully installed
[INFO]   Starting app: mx.uam.izt.holati/.HolaTiActivity
[DEBUG]  Trying to start the app...
[INFO]   Application pid: 16893
-- Start application log -----------------------------------------------------
[INFO]   TiApplication: (main) [0,0] checkpoint, app created.
[INFO]   TiApplication: (main) [92,92] Titanium 5.3.1 (2016/06/09 01:34 ee11b10)
[INFO]   Project built successfully in 1m 21s 728ms
